<?xml version="1.0" encoding="UTF-8"?>
<!-- Generated by org.testng.reporters.JUnitReportReporter -->
<testsuite hostname="Lipikas-mac.local" failures="0" tests="2" name="com.smoketestcases.EbayLandingPageTest" time="13.734" errors="0" timestamp="2025-05-11T20:23:26 IST" skipped="0">
  <testcase classname="com.smoketestcases.EbayLandingPageTest" name="VerifyLandingPageDetails" time="13.193"/>
  <testcase classname="com.smoketestcases.EbayLandingPageTest" name="VerifyLandPageContents" time="0.541"/>
</testsuite> <!-- com.smoketestcases.EbayLandingPageTest -->
