<?xml version="1.0" encoding="UTF-8"?>
<!-- Generated by org.testng.reporters.JUnitReportReporter -->
<testsuite hostname="Lipikas-mac.local" failures="0" tests="1" name="com.smoketestcases.EbaySearchPageTest" time="21.181" errors="0" timestamp="2025-05-11T20:23:26 IST" skipped="0">
  <testcase classname="com.smoketestcases.EbaySearchPageTest" name="VerifySearchPage" time="21.181"/>
</testsuite> <!-- com.smoketestcases.EbaySearchPageTest -->
