<?xml version="1.0" encoding="UTF-8"?>
<!-- Generated by org.testng.reporters.JUnitReportReporter -->
<testsuite hostname="Lipikas-mac.local" failures="0" tests="2" name="com.smoketestcases.EbayLandingPageTest" time="16.595" errors="0" timestamp="2025-05-12T11:13:23 IST" skipped="0">
  <testcase classname="com.smoketestcases.EbayLandingPageTest" name="VerifyLandingPageDetails" time="15.855"/>
  <testcase classname="com.smoketestcases.EbayLandingPageTest" name="VerifyLandPageContents" time="0.740"/>
</testsuite> <!-- com.smoketestcases.EbayLandingPageTest -->
