<?xml version="1.0" encoding="UTF-8"?>
<!-- Generated by org.testng.reporters.JUnitReportReporter -->
<testsuite hostname="Lipikas-mac.local" failures="0" tests="2" name="com.smoketestcases.EbayLandingPageTest" time="19.228" errors="0" timestamp="2025-05-11T20:32:33 IST" skipped="0">
  <testcase classname="com.smoketestcases.EbayLandingPageTest" name="VerifyLandingPageDetails" time="15.063"/>
  <testcase classname="com.smoketestcases.EbayLandingPageTest" name="VerifyLandPageContents" time="4.165"/>
</testsuite> <!-- com.smoketestcases.EbayLandingPageTest -->
